Analysis & Synthesis report for Sinalizador
Fri Dec 13 22:46:43 2024
Quartus II 64-Bit Version 13.0.1 Build 232 06/12/2013 Service Pack 1 SJ Web Edition


---------------------
; Table of Contents ;
---------------------
  1. Legal Notice
  2. Analysis & Synthesis Summary
  3. Analysis & Synthesis Settings
  4. Parallel Compilation
  5. Analysis & Synthesis Source Files Read
  6. Analysis & Synthesis Resource Usage Summary
  7. Analysis & Synthesis Resource Utilization by Entity
  8. State Machine - |Sinalizador|Controladora:instancia_controladora|estado_atual
  9. General Register Statistics
 10. Parameter Settings for User Entity Instance: Top-level Entity: |Sinalizador
 11. Parameter Settings for User Entity Instance: Datapath:instance_datapath
 12. Parameter Settings for User Entity Instance: Datapath:instance_datapath|mean_4_clocks:instancia_Reg_MA
 13. Parameter Settings for User Entity Instance: Datapath:instance_datapath|RegW:instancia_Reg_E
 14. Parameter Settings for User Entity Instance: Datapath:instance_datapath|RegW:instancia_Reg_SD
 15. Parameter Settings for User Entity Instance: Datapath:instance_datapath|comparador:instancia_comparador
 16. Port Connectivity Checks: "Datapath:instance_datapath|comparador:instancia_comparador"
 17. Port Connectivity Checks: "Datapath:instance_datapath|RegW:instancia_Reg_SD"
 18. Port Connectivity Checks: "Datapath:instance_datapath|RegW:instancia_Reg_E"
 19. Elapsed Time Per Partition
 20. Analysis & Synthesis Messages



----------------
; Legal Notice ;
----------------
Copyright (C) 1991-2013 Altera Corporation
Your use of Altera Corporation's design tools, logic functions 
and other software and tools, and its AMPP partner logic 
functions, and any output files from any of the foregoing 
(including device programming or simulation files), and any 
associated documentation or information are expressly subject 
to the terms and conditions of the Altera Program License 
Subscription Agreement, Altera MegaCore Function License 
Agreement, or other applicable license agreement, including, 
without limitation, that your use is for the sole purpose of 
programming logic devices manufactured by Altera and sold by 
Altera or its authorized distributors.  Please refer to the 
applicable agreement for further details.



+--------------------------------------------------------------------------------------+
; Analysis & Synthesis Summary                                                         ;
+------------------------------------+-------------------------------------------------+
; Analysis & Synthesis Status        ; Successful - Fri Dec 13 22:46:43 2024           ;
; Quartus II 64-Bit Version          ; 13.0.1 Build 232 06/12/2013 SP 1 SJ Web Edition ;
; Revision Name                      ; Sinalizador                                     ;
; Top-level Entity Name              ; Sinalizador                                     ;
; Family                             ; Cyclone II                                      ;
; Total logic elements               ; 56                                              ;
;     Total combinational functions  ; 35                                              ;
;     Dedicated logic registers      ; 27                                              ;
; Total registers                    ; 27                                              ;
; Total pins                         ; 15                                              ;
; Total virtual pins                 ; 0                                               ;
; Total memory bits                  ; 0                                               ;
; Embedded Multiplier 9-bit elements ; 0                                               ;
; Total PLLs                         ; 0                                               ;
+------------------------------------+-------------------------------------------------+


+----------------------------------------------------------------------------------------------------------------------+
; Analysis & Synthesis Settings                                                                                        ;
+----------------------------------------------------------------------------+--------------------+--------------------+
; Option                                                                     ; Setting            ; Default Value      ;
+----------------------------------------------------------------------------+--------------------+--------------------+
; Device                                                                     ; EP2C35F672C6       ;                    ;
; Top-level entity name                                                      ; Sinalizador        ; Sinalizador        ;
; Family name                                                                ; Cyclone II         ; Cyclone IV GX      ;
; Use smart compilation                                                      ; Off                ; Off                ;
; Enable parallel Assembler and TimeQuest Timing Analyzer during compilation ; On                 ; On                 ;
; Enable compact report table                                                ; Off                ; Off                ;
; Restructure Multiplexers                                                   ; Auto               ; Auto               ;
; Create Debugging Nodes for IP Cores                                        ; Off                ; Off                ;
; Preserve fewer node names                                                  ; On                 ; On                 ;
; Disable OpenCore Plus hardware evaluation                                  ; Off                ; Off                ;
; Verilog Version                                                            ; Verilog_2001       ; Verilog_2001       ;
; VHDL Version                                                               ; VHDL_1993          ; VHDL_1993          ;
; State Machine Processing                                                   ; Auto               ; Auto               ;
; Safe State Machine                                                         ; Off                ; Off                ;
; Extract Verilog State Machines                                             ; On                 ; On                 ;
; Extract VHDL State Machines                                                ; On                 ; On                 ;
; Ignore Verilog initial constructs                                          ; Off                ; Off                ;
; Iteration limit for constant Verilog loops                                 ; 5000               ; 5000               ;
; Iteration limit for non-constant Verilog loops                             ; 250                ; 250                ;
; Add Pass-Through Logic to Inferred RAMs                                    ; On                 ; On                 ;
; Infer RAMs from Raw Logic                                                  ; On                 ; On                 ;
; Parallel Synthesis                                                         ; On                 ; On                 ;
; DSP Block Balancing                                                        ; Auto               ; Auto               ;
; NOT Gate Push-Back                                                         ; On                 ; On                 ;
; Power-Up Don't Care                                                        ; On                 ; On                 ;
; Remove Redundant Logic Cells                                               ; Off                ; Off                ;
; Remove Duplicate Registers                                                 ; On                 ; On                 ;
; Ignore CARRY Buffers                                                       ; Off                ; Off                ;
; Ignore CASCADE Buffers                                                     ; Off                ; Off                ;
; Ignore GLOBAL Buffers                                                      ; Off                ; Off                ;
; Ignore ROW GLOBAL Buffers                                                  ; Off                ; Off                ;
; Ignore LCELL Buffers                                                       ; Off                ; Off                ;
; Ignore SOFT Buffers                                                        ; On                 ; On                 ;
; Limit AHDL Integers to 32 Bits                                             ; Off                ; Off                ;
; Optimization Technique                                                     ; Balanced           ; Balanced           ;
; Carry Chain Length                                                         ; 70                 ; 70                 ;
; Auto Carry Chains                                                          ; On                 ; On                 ;
; Auto Open-Drain Pins                                                       ; On                 ; On                 ;
; Perform WYSIWYG Primitive Resynthesis                                      ; Off                ; Off                ;
; Auto ROM Replacement                                                       ; On                 ; On                 ;
; Auto RAM Replacement                                                       ; On                 ; On                 ;
; Auto Shift Register Replacement                                            ; Auto               ; Auto               ;
; Allow Shift Register Merging across Hierarchies                            ; Auto               ; Auto               ;
; Auto Clock Enable Replacement                                              ; On                 ; On                 ;
; Strict RAM Replacement                                                     ; Off                ; Off                ;
; Allow Synchronous Control Signals                                          ; On                 ; On                 ;
; Force Use of Synchronous Clear Signals                                     ; Off                ; Off                ;
; Auto RAM to Logic Cell Conversion                                          ; Off                ; Off                ;
; Auto Resource Sharing                                                      ; Off                ; Off                ;
; Allow Any RAM Size For Recognition                                         ; Off                ; Off                ;
; Allow Any ROM Size For Recognition                                         ; Off                ; Off                ;
; Allow Any Shift Register Size For Recognition                              ; Off                ; Off                ;
; Use LogicLock Constraints during Resource Balancing                        ; On                 ; On                 ;
; Ignore translate_off and synthesis_off directives                          ; Off                ; Off                ;
; Timing-Driven Synthesis                                                    ; Off                ; Off                ;
; Report Parameter Settings                                                  ; On                 ; On                 ;
; Report Source Assignments                                                  ; On                 ; On                 ;
; Report Connectivity Checks                                                 ; On                 ; On                 ;
; Ignore Maximum Fan-Out Assignments                                         ; Off                ; Off                ;
; Synchronization Register Chain Length                                      ; 2                  ; 2                  ;
; PowerPlay Power Optimization                                               ; Normal compilation ; Normal compilation ;
; HDL message level                                                          ; Level2             ; Level2             ;
; Suppress Register Optimization Related Messages                            ; Off                ; Off                ;
; Number of Removed Registers Reported in Synthesis Report                   ; 5000               ; 5000               ;
; Number of Swept Nodes Reported in Synthesis Report                         ; 5000               ; 5000               ;
; Number of Inverted Registers Reported in Synthesis Report                  ; 100                ; 100                ;
; Clock MUX Protection                                                       ; On                 ; On                 ;
; Auto Gated Clock Conversion                                                ; Off                ; Off                ;
; Block Design Naming                                                        ; Auto               ; Auto               ;
; SDC constraint protection                                                  ; Off                ; Off                ;
; Synthesis Effort                                                           ; Auto               ; Auto               ;
; Shift Register Replacement - Allow Asynchronous Clear Signal               ; On                 ; On                 ;
; Pre-Mapping Resynthesis Optimization                                       ; Off                ; Off                ;
; Analysis & Synthesis Message Level                                         ; Medium             ; Medium             ;
; Disable Register Merging Across Hierarchies                                ; Auto               ; Auto               ;
; Resource Aware Inference For Block RAM                                     ; On                 ; On                 ;
; Synthesis Seed                                                             ; 1                  ; 1                  ;
+----------------------------------------------------------------------------+--------------------+--------------------+


Parallel compilation was disabled, but you have multiple processors available. Enable parallel compilation to reduce compilation time.
+-------------------------------------+
; Parallel Compilation                ;
+----------------------------+--------+
; Processors                 ; Number ;
+----------------------------+--------+
; Number detected on machine ; 16     ;
; Maximum allowed            ; 1      ;
+----------------------------+--------+


+----------------------------------------------------------------------------------------------------------------------------------------------------------------+
; Analysis & Synthesis Source Files Read                                                                                                                         ;
+-------------------------------------------+-----------------+-----------------+----------------------------------------------------------------------+---------+
; File Name with User-Entered Path          ; Used in Netlist ; File Type       ; File Name with Absolute Path                                         ; Library ;
+-------------------------------------------+-----------------+-----------------+----------------------------------------------------------------------+---------+
; ../BCD_7seg/BCD_7seg/BCD_7seg.vhd         ; yes             ; User VHDL File  ; D:/Hermes/PN2/Aula 8 e 9/Tudo/BCD_7seg/BCD_7seg/BCD_7seg.vhd         ;         ;
; ../Comparador/Comparador/comparador.vhd   ; yes             ; User VHDL File  ; D:/Hermes/PN2/Aula 8 e 9/Tudo/Comparador/Comparador/comparador.vhd   ;         ;
; ../Datapath/Datapath.vhd                  ; yes             ; User VHDL File  ; D:/Hermes/PN2/Aula 8 e 9/Tudo/Datapath/Datapath.vhd                  ;         ;
; ../Reg_MA/mean_4_clocks/mean_4_clocks.vhd ; yes             ; User VHDL File  ; D:/Hermes/PN2/Aula 8 e 9/Tudo/Reg_MA/mean_4_clocks/mean_4_clocks.vhd ;         ;
; ../RegW/RegW/RegW.vhd                     ; yes             ; User VHDL File  ; D:/Hermes/PN2/Aula 8 e 9/Tudo/RegW/RegW/RegW.vhd                     ;         ;
; ../Controladora/Controladora.vhd          ; yes             ; User VHDL File  ; D:/Hermes/PN2/Aula 8 e 9/Tudo/Controladora/Controladora.vhd          ;         ;
; Sinalizador.vhd                           ; yes             ; User VHDL File  ; D:/Hermes/PN2/Aula 8 e 9/Tudo/Sinalizador/Sinalizador.vhd            ;         ;
+-------------------------------------------+-----------------+-----------------+----------------------------------------------------------------------+---------+


+-----------------------------------------------------+
; Analysis & Synthesis Resource Usage Summary         ;
+---------------------------------------------+-------+
; Resource                                    ; Usage ;
+---------------------------------------------+-------+
; Estimated Total logic elements              ; 56    ;
;                                             ;       ;
; Total combinational functions               ; 35    ;
; Logic element usage by number of LUT inputs ;       ;
;     -- 4 input functions                    ; 16    ;
;     -- 3 input functions                    ; 13    ;
;     -- <=2 input functions                  ; 6     ;
;                                             ;       ;
; Logic elements by mode                      ;       ;
;     -- normal mode                          ; 22    ;
;     -- arithmetic mode                      ; 13    ;
;                                             ;       ;
; Total registers                             ; 27    ;
;     -- Dedicated logic registers            ; 27    ;
;     -- I/O registers                        ; 0     ;
;                                             ;       ;
; I/O pins                                    ; 15    ;
; Embedded Multiplier 9-bit elements          ; 0     ;
; Maximum fan-out node                        ; CLOCK ;
; Maximum fan-out                             ; 27    ;
; Total fan-out                               ; 197   ;
; Average fan-out                             ; 2.56  ;
+---------------------------------------------+-------+


+-----------------------------------------------------------------------------------------------------------------------------------------------------------------------------------------------------------------------------------------------+
; Analysis & Synthesis Resource Utilization by Entity                                                                                                                                                                                           ;
+------------------------------------------+-------------------+--------------+-------------+--------------+---------+-----------+------+--------------+-------------------------------------------------------------------------+--------------+
; Compilation Hierarchy Node               ; LC Combinationals ; LC Registers ; Memory Bits ; DSP Elements ; DSP 9x9 ; DSP 18x18 ; Pins ; Virtual Pins ; Full Hierarchy Name                                                     ; Library Name ;
+------------------------------------------+-------------------+--------------+-------------+--------------+---------+-----------+------+--------------+-------------------------------------------------------------------------+--------------+
; |Sinalizador                             ; 35 (0)            ; 27 (0)       ; 0           ; 0            ; 0       ; 0         ; 15   ; 0            ; |Sinalizador                                                            ; work         ;
;    |Controladora:instancia_controladora| ; 7 (7)             ; 5 (5)        ; 0           ; 0            ; 0       ; 0         ; 0    ; 0            ; |Sinalizador|Controladora:instancia_controladora                        ; work         ;
;    |Datapath:instance_datapath|          ; 28 (0)            ; 22 (0)       ; 0           ; 0            ; 0       ; 0         ; 0    ; 0            ; |Sinalizador|Datapath:instance_datapath                                 ; work         ;
;       |Bcd_7seg:instancia_Bcd_7seg|      ; 7 (7)             ; 0 (0)        ; 0           ; 0            ; 0       ; 0         ; 0    ; 0            ; |Sinalizador|Datapath:instance_datapath|Bcd_7seg:instancia_Bcd_7seg     ; work         ;
;       |RegW:instancia_Reg_E|             ; 0 (0)             ; 4 (4)        ; 0           ; 0            ; 0       ; 0         ; 0    ; 0            ; |Sinalizador|Datapath:instance_datapath|RegW:instancia_Reg_E            ; work         ;
;       |RegW:instancia_Reg_SD|            ; 0 (0)             ; 2 (2)        ; 0           ; 0            ; 0       ; 0         ; 0    ; 0            ; |Sinalizador|Datapath:instance_datapath|RegW:instancia_Reg_SD           ; work         ;
;       |comparador:instancia_comparador|  ; 5 (5)             ; 0 (0)        ; 0           ; 0            ; 0       ; 0         ; 0    ; 0            ; |Sinalizador|Datapath:instance_datapath|comparador:instancia_comparador ; work         ;
;       |mean_4_clocks:instancia_Reg_MA|   ; 16 (16)           ; 16 (16)      ; 0           ; 0            ; 0       ; 0         ; 0    ; 0            ; |Sinalizador|Datapath:instance_datapath|mean_4_clocks:instancia_Reg_MA  ; work         ;
+------------------------------------------+-------------------+--------------+-------------+--------------+---------+-----------+------+--------------+-------------------------------------------------------------------------+--------------+
Note: For table entries with two numbers listed, the numbers in parentheses indicate the number of resources of the given type used by the specific entity alone. The numbers listed outside of parentheses indicate the total resources of the given type used by the specific entity and all of its sub-entities in the hierarchy.


Encoding Type:  One-Hot
+-----------------------------------------------------------------------------------------------------------+
; State Machine - |Sinalizador|Controladora:instancia_controladora|estado_atual                             ;
+-----------------+-----------------+-----------------+-----------------+-----------------+-----------------+
; Name            ; estado_atual.S4 ; estado_atual.S3 ; estado_atual.S2 ; estado_atual.S1 ; estado_atual.S0 ;
+-----------------+-----------------+-----------------+-----------------+-----------------+-----------------+
; estado_atual.S0 ; 0               ; 0               ; 0               ; 0               ; 0               ;
; estado_atual.S1 ; 0               ; 0               ; 0               ; 1               ; 1               ;
; estado_atual.S2 ; 0               ; 0               ; 1               ; 0               ; 1               ;
; estado_atual.S3 ; 0               ; 1               ; 0               ; 0               ; 1               ;
; estado_atual.S4 ; 1               ; 0               ; 0               ; 0               ; 1               ;
+-----------------+-----------------+-----------------+-----------------+-----------------+-----------------+


+------------------------------------------------------+
; General Register Statistics                          ;
+----------------------------------------------+-------+
; Statistic                                    ; Value ;
+----------------------------------------------+-------+
; Total registers                              ; 27    ;
; Number of registers using Synchronous Clear  ; 0     ;
; Number of registers using Synchronous Load   ; 0     ;
; Number of registers using Asynchronous Clear ; 21    ;
; Number of registers using Asynchronous Load  ; 0     ;
; Number of registers using Clock Enable       ; 6     ;
; Number of registers using Preset             ; 0     ;
+----------------------------------------------+-------+


+-----------------------------------------------------------------------------+
; Parameter Settings for User Entity Instance: Top-level Entity: |Sinalizador ;
+----------------+-------+----------------------------------------------------+
; Parameter Name ; Value ; Type                                               ;
+----------------+-------+----------------------------------------------------+
; DATA_WIDTH     ; 4     ; Signed Integer                                     ;
+----------------+-------+----------------------------------------------------+
Note: In order to hide this table in the UI and the text report file, please set the "Show Parameter Settings in Synthesis Report" option in "Analysis and Synthesis Settings -> More Settings" to "Off".


+-------------------------------------------------------------------------+
; Parameter Settings for User Entity Instance: Datapath:instance_datapath ;
+----------------+-------+------------------------------------------------+
; Parameter Name ; Value ; Type                                           ;
+----------------+-------+------------------------------------------------+
; data_width     ; 4     ; Signed Integer                                 ;
+----------------+-------+------------------------------------------------+
Note: In order to hide this table in the UI and the text report file, please set the "Show Parameter Settings in Synthesis Report" option in "Analysis and Synthesis Settings -> More Settings" to "Off".


+--------------------------------------------------------------------------------------------------------+
; Parameter Settings for User Entity Instance: Datapath:instance_datapath|mean_4_clocks:instancia_Reg_MA ;
+----------------+-------+-------------------------------------------------------------------------------+
; Parameter Name ; Value ; Type                                                                          ;
+----------------+-------+-------------------------------------------------------------------------------+
; w              ; 4     ; Signed Integer                                                                ;
+----------------+-------+-------------------------------------------------------------------------------+
Note: In order to hide this table in the UI and the text report file, please set the "Show Parameter Settings in Synthesis Report" option in "Analysis and Synthesis Settings -> More Settings" to "Off".


+----------------------------------------------------------------------------------------------+
; Parameter Settings for User Entity Instance: Datapath:instance_datapath|RegW:instancia_Reg_E ;
+----------------+-------+---------------------------------------------------------------------+
; Parameter Name ; Value ; Type                                                                ;
+----------------+-------+---------------------------------------------------------------------+
; w              ; 4     ; Signed Integer                                                      ;
+----------------+-------+---------------------------------------------------------------------+
Note: In order to hide this table in the UI and the text report file, please set the "Show Parameter Settings in Synthesis Report" option in "Analysis and Synthesis Settings -> More Settings" to "Off".


+-----------------------------------------------------------------------------------------------+
; Parameter Settings for User Entity Instance: Datapath:instance_datapath|RegW:instancia_Reg_SD ;
+----------------+-------+----------------------------------------------------------------------+
; Parameter Name ; Value ; Type                                                                 ;
+----------------+-------+----------------------------------------------------------------------+
; w              ; 2     ; Signed Integer                                                       ;
+----------------+-------+----------------------------------------------------------------------+
Note: In order to hide this table in the UI and the text report file, please set the "Show Parameter Settings in Synthesis Report" option in "Analysis and Synthesis Settings -> More Settings" to "Off".


+---------------------------------------------------------------------------------------------------------+
; Parameter Settings for User Entity Instance: Datapath:instance_datapath|comparador:instancia_comparador ;
+----------------+-------+--------------------------------------------------------------------------------+
; Parameter Name ; Value ; Type                                                                           ;
+----------------+-------+--------------------------------------------------------------------------------+
; data_width     ; 4     ; Signed Integer                                                                 ;
+----------------+-------+--------------------------------------------------------------------------------+
Note: In order to hide this table in the UI and the text report file, please set the "Show Parameter Settings in Synthesis Report" option in "Analysis and Synthesis Settings -> More Settings" to "Off".


+-----------------------------------------------------------------------------------------------------------------+
; Port Connectivity Checks: "Datapath:instance_datapath|comparador:instancia_comparador"                          ;
+-------+--------+----------+-------------------------------------------------------------------------------------+
; Port  ; Type   ; Severity ; Details                                                                             ;
+-------+--------+----------+-------------------------------------------------------------------------------------+
; igual ; Output ; Info     ; Connected to dangling logic. Logic that only feeds a dangling port will be removed. ;
+-------+--------+----------+-------------------------------------------------------------------------------------+


+------------------------------------------------------------------------------+
; Port Connectivity Checks: "Datapath:instance_datapath|RegW:instancia_Reg_SD" ;
+--------+-------+----------+--------------------------------------------------+
; Port   ; Type  ; Severity ; Details                                          ;
+--------+-------+----------+--------------------------------------------------+
; reset  ; Input ; Info     ; Stuck at GND                                     ;
; preset ; Input ; Info     ; Stuck at GND                                     ;
+--------+-------+----------+--------------------------------------------------+


+-----------------------------------------------------------------------------+
; Port Connectivity Checks: "Datapath:instance_datapath|RegW:instancia_Reg_E" ;
+--------+-------+----------+-------------------------------------------------+
; Port   ; Type  ; Severity ; Details                                         ;
+--------+-------+----------+-------------------------------------------------+
; reset  ; Input ; Info     ; Stuck at GND                                    ;
; preset ; Input ; Info     ; Stuck at GND                                    ;
+--------+-------+----------+-------------------------------------------------+


+-------------------------------+
; Elapsed Time Per Partition    ;
+----------------+--------------+
; Partition Name ; Elapsed Time ;
+----------------+--------------+
; Top            ; 00:00:00     ;
+----------------+--------------+


+-------------------------------+
; Analysis & Synthesis Messages ;
+-------------------------------+
Info: *******************************************************************
Info: Running Quartus II 64-Bit Analysis & Synthesis
    Info: Version 13.0.1 Build 232 06/12/2013 Service Pack 1 SJ Web Edition
    Info: Processing started: Fri Dec 13 22:46:42 2024
Info: Command: quartus_map --read_settings_files=on --write_settings_files=off Sinalizador -c Sinalizador
Warning (20028): Parallel compilation is not licensed and has been disabled
Info (12021): Found 2 design units, including 1 entities, in source file /hermes/pn2/aula 8 e 9/tudo/bcd_7seg/bcd_7seg/bcd_7seg.vhd
    Info (12022): Found design unit 1: Bcd_7seg-with_select_bcd7seg
    Info (12023): Found entity 1: Bcd_7seg
Info (12021): Found 2 design units, including 1 entities, in source file /hermes/pn2/aula 8 e 9/tudo/comparador/comparador/comparador.vhd
    Info (12022): Found design unit 1: comparador-rtl
    Info (12023): Found entity 1: comparador
Info (12021): Found 2 design units, including 1 entities, in source file /hermes/pn2/aula 8 e 9/tudo/datapath/datapath.vhd
    Info (12022): Found design unit 1: Datapath-RTL
    Info (12023): Found entity 1: Datapath
Info (12021): Found 2 design units, including 1 entities, in source file /hermes/pn2/aula 8 e 9/tudo/reg_ma/mean_4_clocks/mean_4_clocks.vhd
    Info (12022): Found design unit 1: mean_4_clocks-arch
    Info (12023): Found entity 1: mean_4_clocks
Info (12021): Found 2 design units, including 1 entities, in source file /hermes/pn2/aula 8 e 9/tudo/regw/regw/regw.vhd
    Info (12022): Found design unit 1: RegW-RTL
    Info (12023): Found entity 1: RegW
Info (12021): Found 2 design units, including 1 entities, in source file /hermes/pn2/aula 8 e 9/tudo/controladora/controladora.vhd
    Info (12022): Found design unit 1: Controladora-arch
    Info (12023): Found entity 1: Controladora
Info (12021): Found 2 design units, including 1 entities, in source file sinalizador.vhd
    Info (12022): Found design unit 1: Sinalizador-FSM
    Info (12023): Found entity 1: Sinalizador
Info (12021): Found 2 design units, including 1 entities, in source file tb_sinalizador.vhd
    Info (12022): Found design unit 1: tb_sinalizador-arch
    Info (12023): Found entity 1: tb_sinalizador
Info (12127): Elaborating entity "Sinalizador" for the top level hierarchy
Info (12128): Elaborating entity "Controladora" for hierarchy "Controladora:instancia_controladora"
Info (12128): Elaborating entity "Datapath" for hierarchy "Datapath:instance_datapath"
Info (12128): Elaborating entity "mean_4_clocks" for hierarchy "Datapath:instance_datapath|mean_4_clocks:instancia_Reg_MA"
Warning (10492): VHDL Process Statement warning at mean_4_clocks.vhd(55): signal "sum1" is read inside the Process Statement but isn't in the Process Statement's sensitivity list
Info (12128): Elaborating entity "RegW" for hierarchy "Datapath:instance_datapath|RegW:instancia_Reg_E"
Info (12128): Elaborating entity "RegW" for hierarchy "Datapath:instance_datapath|RegW:instancia_Reg_SD"
Info (12128): Elaborating entity "comparador" for hierarchy "Datapath:instance_datapath|comparador:instancia_comparador"
Info (12128): Elaborating entity "Bcd_7seg" for hierarchy "Datapath:instance_datapath|Bcd_7seg:instancia_Bcd_7seg"
Info (16010): Generating hard_block partition "hard_block:auto_generated_inst"
    Info (16011): Adding 0 node(s), including 0 DDIO, 0 PLL, 0 transceiver and 0 LCELL
Info (21057): Implemented 71 device resources after synthesis - the final resource count might be different
    Info (21058): Implemented 6 input pins
    Info (21059): Implemented 9 output pins
    Info (21061): Implemented 56 logic cells
Info: Quartus II 64-Bit Analysis & Synthesis was successful. 0 errors, 2 warnings
    Info: Peak virtual memory: 4653 megabytes
    Info: Processing ended: Fri Dec 13 22:46:43 2024
    Info: Elapsed time: 00:00:01
    Info: Total CPU time (on all processors): 00:00:01


